c:\users\lyue7\source\repos\ls_tabu_vms\ls_tabu_vms\x64\debug\vc143.pdb
c:\users\lyue7\source\repos\ls_tabu_vms\ls_tabu_vms\x64\debug\vc143.idb
c:\users\lyue7\source\repos\ls_tabu_vms\ls_tabu_vms\x64\debug\tabu.obj
c:\users\lyue7\source\repos\ls_tabu_vms\ls_tabu_vms\x64\debug\base.obj
c:\users\lyue7\source\repos\ls_tabu_vms\ls_tabu_vms\x64\debug\source.obj
c:\users\lyue7\source\repos\ls_tabu_vms\ls_tabu_vms\x64\debug\readdata.obj
c:\users\lyue7\source\repos\ls_tabu_vms\ls_tabu_vms\x64\debug\pso.obj
c:\users\lyue7\source\repos\ls_tabu_vms\ls_tabu_vms\x64\debug\mvo.obj
c:\users\lyue7\source\repos\ls_tabu_vms\ls_tabu_vms\x64\debug\localsearch.obj
c:\users\lyue7\source\repos\ls_tabu_vms\ls_tabu_vms\x64\debug\ga.obj
c:\users\lyue7\source\repos\ls_tabu_vms\ls_tabu_vms\x64\debug\evaluation.obj
c:\users\lyue7\source\repos\ls_tabu_vms\ls_tabu_vms\x64\debug\tabuls.obj
c:\users\lyue7\source\repos\ls_tabu_vms\x64\debug\ls_tabu_vms.exe
c:\users\lyue7\source\repos\ls_tabu_vms\ls_tabu_vms\x64\debug\ls_tabu_vms.ilk
c:\users\lyue7\source\repos\ls_tabu_vms\x64\debug\ls_tabu_vms.pdb
c:\users\lyue7\source\repos\ls_tabu_vms\ls_tabu_vms\x64\debug\base.new.obj.enc
c:\users\lyue7\source\repos\ls_tabu_vms\ls_tabu_vms\x64\debug\evaluation.new.obj.enc
c:\users\lyue7\source\repos\ls_tabu_vms\ls_tabu_vms\x64\debug\ga.new.obj.enc
c:\users\lyue7\source\repos\ls_tabu_vms\ls_tabu_vms\x64\debug\ga.obj.enc
c:\users\lyue7\source\repos\ls_tabu_vms\ls_tabu_vms\x64\debug\localsearch.new.obj.enc
c:\users\lyue7\source\repos\ls_tabu_vms\ls_tabu_vms\x64\debug\localsearch.obj.enc
c:\users\lyue7\source\repos\ls_tabu_vms\ls_tabu_vms\x64\debug\mvo.new.obj.enc
c:\users\lyue7\source\repos\ls_tabu_vms\ls_tabu_vms\x64\debug\mvo.obj.enc
c:\users\lyue7\source\repos\ls_tabu_vms\ls_tabu_vms\x64\debug\pso.new.obj.enc
c:\users\lyue7\source\repos\ls_tabu_vms\ls_tabu_vms\x64\debug\pso.obj.enc
c:\users\lyue7\source\repos\ls_tabu_vms\ls_tabu_vms\x64\debug\readdata.new.obj.enc
c:\users\lyue7\source\repos\ls_tabu_vms\ls_tabu_vms\x64\debug\source.new.obj.enc
c:\users\lyue7\source\repos\ls_tabu_vms\ls_tabu_vms\x64\debug\source.obj.enc
c:\users\lyue7\source\repos\ls_tabu_vms\ls_tabu_vms\x64\debug\tabu.new.obj.enc
c:\users\lyue7\source\repos\ls_tabu_vms\ls_tabu_vms\x64\debug\tabuls.obj.enc
c:\users\lyue7\source\repos\ls_tabu_vms\ls_tabu_vms\x64\debug\ls_tabu_vms.tlog\cl.command.1.tlog
c:\users\lyue7\source\repos\ls_tabu_vms\ls_tabu_vms\x64\debug\ls_tabu_vms.tlog\cl.read.1.tlog
c:\users\lyue7\source\repos\ls_tabu_vms\ls_tabu_vms\x64\debug\ls_tabu_vms.tlog\cl.write.1.tlog
c:\users\lyue7\source\repos\ls_tabu_vms\ls_tabu_vms\x64\debug\ls_tabu_vms.tlog\link.command.1.tlog
c:\users\lyue7\source\repos\ls_tabu_vms\ls_tabu_vms\x64\debug\ls_tabu_vms.tlog\link.read.1.tlog
c:\users\lyue7\source\repos\ls_tabu_vms\ls_tabu_vms\x64\debug\ls_tabu_vms.tlog\link.write.1.tlog
